<?xml version="1.0" encoding="UTF-8"?>
<testng-results skipped="0" failed="1" ignored="0" total="3" passed="2">
  <reporter-output>
    <line>
      <![CDATA[running 1]]>
    </line>
    <line>
      <![CDATA[running 2]]>
    </line>
    <line>
      <![CDATA[running 4]]>
    </line>
    <line>
      <![CDATA[running 2]]>
    </line>
    <line>
      <![CDATA[runnning 3]]>
    </line>
    <line>
      <![CDATA[running 4]]>
    </line>
    <line>
      <![CDATA[running 2]]>
    </line>
    <line>
      <![CDATA[runnning 3a]]>
    </line>
    <line>
      <![CDATA[running 4]]>
    </line>
    <line>
      <![CDATA[runnoing 5]]>
    </line>
  </reporter-output>
  <suite name="Default suite" duration-ms="71" started-at="2021-06-18T19:00:46 IST" finished-at="2021-06-18T19:00:46 IST">
    <groups>
      <group name="pd">
        <method signature="Repeat1.verifyName2()[pri:0, instance:Methods.Repeat1@1efed156]" name="verifyName2" class="Methods.Repeat1"/>
      </group> <!-- pd -->
      <group name="dp">
        <method signature="Repeat1.verifyName()[pri:0, instance:Methods.Repeat1@1efed156]" name="verifyName" class="Methods.Repeat1"/>
        <method signature="Repeat1.verifyName1()[pri:0, instance:Methods.Repeat1@1efed156]" name="verifyName1" class="Methods.Repeat1"/>
      </group> <!-- dp -->
    </groups>
    <test name="Default test" duration-ms="71" started-at="2021-06-18T19:00:46 IST" finished-at="2021-06-18T19:00:46 IST">
      <class name="Methods.Repeat1">
        <test-method status="PASS" signature="openBrowser()[pri:0, instance:Methods.Repeat1@1efed156]" name="openBrowser" is-config="true" duration-ms="11" started-at="2021-06-18T19:00:46 IST" finished-at="2021-06-18T19:00:46 IST">
          <reporter-output>
            <line>
              <![CDATA[running 1]]>
            </line>
          </reporter-output>
        </test-method> <!-- openBrowser -->
        <test-method status="PASS" signature="loginAppilication()[pri:0, instance:Methods.Repeat1@1efed156]" name="loginAppilication" is-config="true" duration-ms="0" started-at="2021-06-18T19:00:46 IST" finished-at="2021-06-18T19:00:46 IST">
          <reporter-output>
            <line>
              <![CDATA[running 2]]>
            </line>
          </reporter-output>
        </test-method> <!-- loginAppilication -->
        <test-method status="FAIL" signature="verifyName()[pri:0, instance:Methods.Repeat1@1efed156]" name="verifyName" duration-ms="9" started-at="2021-06-18T19:00:46 IST" finished-at="2021-06-18T19:00:46 IST">
          <exception class="java.lang.AssertionError">
            <message>
              <![CDATA[found=wrong expected [null] but found [abc]]]>
            </message>
            <full-stacktrace>
              <![CDATA[java.lang.AssertionError: found=wrong expected [null] but found [abc]
at org.testng.Assert.fail(Assert.java:99)
at org.testng.Assert.failNotSame(Assert.java:1033)
at org.testng.Assert.assertNull(Assert.java:965)
at Methods.Repeat1.verifyName(Repeat1.java:61)
at sun.reflect.NativeMethodAccessorImpl.invoke0(Native Method)
at sun.reflect.NativeMethodAccessorImpl.invoke(Unknown Source)
at sun.reflect.DelegatingMethodAccessorImpl.invoke(Unknown Source)
at java.lang.reflect.Method.invoke(Unknown Source)
at org.testng.internal.MethodInvocationHelper.invokeMethod(MethodInvocationHelper.java:132)
at org.testng.internal.TestInvoker.invokeMethod(TestInvoker.java:599)
at org.testng.internal.TestInvoker.invokeTestMethod(TestInvoker.java:174)
at org.testng.internal.MethodRunner.runInSequence(MethodRunner.java:46)
at org.testng.internal.TestInvoker$MethodInvocationAgent.invoke(TestInvoker.java:822)
at org.testng.internal.TestInvoker.invokeTestMethods(TestInvoker.java:147)
at org.testng.internal.TestMethodWorker.invokeTestMethods(TestMethodWorker.java:146)
at org.testng.internal.TestMethodWorker.run(TestMethodWorker.java:128)
at java.util.ArrayList.forEach(Unknown Source)
at org.testng.TestRunner.privateRun(TestRunner.java:764)
at org.testng.TestRunner.run(TestRunner.java:585)
at org.testng.SuiteRunner.runTest(SuiteRunner.java:384)
at org.testng.SuiteRunner.runSequentially(SuiteRunner.java:378)
at org.testng.SuiteRunner.privateRun(SuiteRunner.java:337)
at org.testng.SuiteRunner.run(SuiteRunner.java:286)
at org.testng.SuiteRunnerWorker.runSuite(SuiteRunnerWorker.java:53)
at org.testng.SuiteRunnerWorker.run(SuiteRunnerWorker.java:96)
at org.testng.TestNG.runSuitesSequentially(TestNG.java:1218)
at org.testng.TestNG.runSuitesLocally(TestNG.java:1140)
at org.testng.TestNG.runSuites(TestNG.java:1069)
at org.testng.TestNG.run(TestNG.java:1037)
at org.testng.remote.AbstractRemoteTestNG.run(AbstractRemoteTestNG.java:115)
at org.testng.remote.RemoteTestNG.initAndRun(RemoteTestNG.java:251)
at org.testng.remote.RemoteTestNG.main(RemoteTestNG.java:77)
]]>
            </full-stacktrace>
          </exception> <!-- java.lang.AssertionError -->
          <reporter-output>
          </reporter-output>
        </test-method> <!-- verifyName -->
        <test-method status="PASS" signature="logoutApplication()[pri:0, instance:Methods.Repeat1@1efed156]" name="logoutApplication" is-config="true" duration-ms="0" started-at="2021-06-18T19:00:46 IST" finished-at="2021-06-18T19:00:46 IST">
          <reporter-output>
            <line>
              <![CDATA[running 4]]>
            </line>
          </reporter-output>
        </test-method> <!-- logoutApplication -->
        <test-method status="PASS" signature="verifyName1()[pri:0, instance:Methods.Repeat1@1efed156]" name="verifyName1" duration-ms="2" started-at="2021-06-18T19:00:46 IST" finished-at="2021-06-18T19:00:46 IST">
          <reporter-output>
            <line>
              <![CDATA[runnning 3]]>
            </line>
          </reporter-output>
        </test-method> <!-- verifyName1 -->
        <test-method status="PASS" signature="loginAppilication()[pri:0, instance:Methods.Repeat1@1efed156]" name="loginAppilication" is-config="true" duration-ms="0" started-at="2021-06-18T19:00:46 IST" finished-at="2021-06-18T19:00:46 IST">
          <reporter-output>
            <line>
              <![CDATA[running 2]]>
            </line>
          </reporter-output>
        </test-method> <!-- loginAppilication -->
        <test-method status="PASS" signature="logoutApplication()[pri:0, instance:Methods.Repeat1@1efed156]" name="logoutApplication" is-config="true" duration-ms="0" started-at="2021-06-18T19:00:46 IST" finished-at="2021-06-18T19:00:46 IST">
          <reporter-output>
            <line>
              <![CDATA[running 4]]>
            </line>
          </reporter-output>
        </test-method> <!-- logoutApplication -->
        <test-method status="PASS" signature="verifyName2()[pri:0, instance:Methods.Repeat1@1efed156]" name="verifyName2" duration-ms="1" started-at="2021-06-18T19:00:46 IST" finished-at="2021-06-18T19:00:46 IST">
          <reporter-output>
            <line>
              <![CDATA[runnning 3a]]>
            </line>
          </reporter-output>
        </test-method> <!-- verifyName2 -->
        <test-method status="PASS" signature="loginAppilication()[pri:0, instance:Methods.Repeat1@1efed156]" name="loginAppilication" is-config="true" duration-ms="0" started-at="2021-06-18T19:00:46 IST" finished-at="2021-06-18T19:00:46 IST">
          <reporter-output>
            <line>
              <![CDATA[running 2]]>
            </line>
          </reporter-output>
        </test-method> <!-- loginAppilication -->
        <test-method status="PASS" signature="logoutApplication()[pri:0, instance:Methods.Repeat1@1efed156]" name="logoutApplication" is-config="true" duration-ms="0" started-at="2021-06-18T19:00:46 IST" finished-at="2021-06-18T19:00:46 IST">
          <reporter-output>
            <line>
              <![CDATA[running 4]]>
            </line>
          </reporter-output>
        </test-method> <!-- logoutApplication -->
        <test-method status="PASS" signature="closeBrowser()[pri:0, instance:Methods.Repeat1@1efed156]" name="closeBrowser" is-config="true" duration-ms="0" started-at="2021-06-18T19:00:46 IST" finished-at="2021-06-18T19:00:46 IST">
          <reporter-output>
            <line>
              <![CDATA[runnoing 5]]>
            </line>
          </reporter-output>
        </test-method> <!-- closeBrowser -->
      </class> <!-- Methods.Repeat1 -->
    </test> <!-- Default test -->
  </suite> <!-- Default suite -->
</testng-results>
